Release 13.4 - ngc2edif O.87xd (nt)
Copyright (c) 1995-2011 Xilinx, Inc.  All rights reserved.
Reading design Process.ngc ...
WARNING:NetListWriters:298 - No output is written to Process.xncf, ignored.
Processing design ...
   Preping design's networks ...
   Preping design's macros ...
  finished :Prep
Writing EDIF netlist file Process.edif ...
ngc2edif: Total memory usage is 60600 kilobytes

Release 13.4 - ngc2edif O.87xd (nt)
Copyright (c) 1995-2011 Xilinx, Inc.  All rights reserved.
Reading design test_mem.ngc ...
WARNING:NetListWriters:298 - No output is written to test_mem.xncf, ignored.
Processing design ...
   Preping design's networks ...
   Preping design's macros ...
  finished :Prep
Writing EDIF netlist file test_mem.edif ...
ngc2edif: Total memory usage is 60280 kilobytes

Release 13.4 - ngc2edif O.87xd (nt)
Copyright (c) 1995-2011 Xilinx, Inc.  All rights reserved.
Reading design Process.ngc ...
WARNING:NetListWriters:298 - No output is written to Process.xncf, ignored.
Processing design ...
   Preping design's networks ...
   Preping design's macros ...
  finished :Prep
Writing EDIF netlist file Process.edif ...
ngc2edif: Total memory usage is 60600 kilobytes

Release 13.4 - ngc2edif O.87xd (nt)
Copyright (c) 1995-2011 Xilinx, Inc.  All rights reserved.
Reading design test_mem.ngc ...
WARNING:NetListWriters:298 - No output is written to test_mem.xncf, ignored.
Processing design ...
   Preping design's networks ...
   Preping design's macros ...
  finished :Prep
Writing EDIF netlist file test_mem.edif ...
ngc2edif: Total memory usage is 60600 kilobytes

Release 13.4 - ngc2edif O.87xd (nt)
Copyright (c) 1995-2011 Xilinx, Inc.  All rights reserved.
Reading design Process.ngc ...
WARNING:NetListWriters:298 - No output is written to Process.xncf, ignored.
Processing design ...
   Preping design's networks ...
   Preping design's macros ...
  finished :Prep
Writing EDIF netlist file Process.edif ...
ngc2edif: Total memory usage is 60856 kilobytes

Release 13.4 - ngc2edif O.87xd (nt)
Copyright (c) 1995-2011 Xilinx, Inc.  All rights reserved.
Reading design test_mem.ngc ...
WARNING:NetListWriters:298 - No output is written to test_mem.xncf, ignored.
Processing design ...
   Preping design's networks ...
   Preping design's macros ...
  finished :Prep
Writing EDIF netlist file test_mem.edif ...
ngc2edif: Total memory usage is 60408 kilobytes

Release 13.4 - ngc2edif O.87xd (nt)
Copyright (c) 1995-2011 Xilinx, Inc.  All rights reserved.
Reading design Process.ngc ...
WARNING:NetListWriters:298 - No output is written to Process.xncf, ignored.
Processing design ...
   Preping design's networks ...
   Preping design's macros ...
  finished :Prep
Writing EDIF netlist file Process.edif ...
ngc2edif: Total memory usage is 60536 kilobytes

Release 13.4 - ngc2edif O.87xd (nt)
Copyright (c) 1995-2011 Xilinx, Inc.  All rights reserved.
Reading design test_mem.ngc ...
WARNING:NetListWriters:298 - No output is written to test_mem.xncf, ignored.
Processing design ...
   Preping design's networks ...
   Preping design's macros ...
  finished :Prep
Writing EDIF netlist file test_mem.edif ...
ngc2edif: Total memory usage is 60600 kilobytes

