--------------------------------------------------------------------------------
Release 13.4 Trace  (nt)
Copyright (c) 1995-2011 Xilinx, Inc.  All rights reserved.

C:\Xilinx\13.4\ISE_DS\ISE\bin\nt\unwrapped\trce.exe -intstyle ise -v 3 -s 4 -n
3 -fastpaths -xml Process.twx Process.ncd -o Process.twr Process.pcf

Design file:              Process.ncd
Physical constraint file: Process.pcf
Device,package,speed:     xc3s400,tq144,-4 (PRODUCTION 1.39 2012-01-07)
Report level:             verbose report

Environment Variable      Effect 
--------------------      ------ 
NONE                      No environment variables were set
--------------------------------------------------------------------------------

INFO:Timing:2698 - No timing constraints found, doing default enumeration.
INFO:Timing:3412 - To improve timing, see the Timing Closure User Guide (UG612).
INFO:Timing:2752 - To get complete path coverage, use the unconstrained paths 
   option. All paths that are not constrained will be reported in the 
   unconstrained paths section(s) of the report.
INFO:Timing:3339 - The clock-to-out numbers in this timing report are based on 
   a 50 Ohm transmission line loading model.  For the details of this model, 
   and for more information on accounting for different loading conditions, 
   please see the device datasheet.
INFO:Timing:3390 - This architecture does not support a default System Jitter 
   value, please add SYSTEM_JITTER constraint to the UCF to modify the Clock 
   Uncertainty calculation.
INFO:Timing:3389 - This architecture does not support 'Discrete Jitter' and 
   'Phase Error' calculations, these terms will be zero in the Clock 
   Uncertainty calculation.  Please make appropriate modification to 
   SYSTEM_JITTER to account for the unsupported Discrete Jitter and Phase 
   Error.



Data Sheet report:
-----------------
All values displayed in nanoseconds (ns)

Setup/Hold to clock clk
------------+------------+------------+------------------+--------+
            |Max Setup to|Max Hold to |                  | Clock  |
Source      | clk (edge) | clk (edge) |Internal Clock(s) | Phase  |
------------+------------+------------+------------------+--------+
rst         |    8.712(R)|   -1.263(R)|clk_BUFGP         |   0.000|
------------+------------+------------+------------------+--------+

Clock clk to Pad
------------+------------+------------------+--------+
            | clk (edge) |                  | Clock  |
Destination |   to PAD   |Internal Clock(s) | Phase  |
------------+------------+------------------+--------+
PC<0>       |    9.369(R)|clk_BUFGP         |   0.000|
PC<1>       |    9.281(R)|clk_BUFGP         |   0.000|
PC<2>       |    9.875(R)|clk_BUFGP         |   0.000|
PC<3>       |    9.990(R)|clk_BUFGP         |   0.000|
PC<4>       |   10.220(R)|clk_BUFGP         |   0.000|
PC<5>       |    9.271(R)|clk_BUFGP         |   0.000|
PC<6>       |    9.309(R)|clk_BUFGP         |   0.000|
PC<7>       |    9.690(R)|clk_BUFGP         |   0.000|
out<0>      |    9.175(R)|clk_BUFGP         |   0.000|
out<1>      |    9.114(R)|clk_BUFGP         |   0.000|
out<2>      |   10.263(R)|clk_BUFGP         |   0.000|
out<3>      |   10.291(R)|clk_BUFGP         |   0.000|
out<4>      |    9.795(R)|clk_BUFGP         |   0.000|
out<5>      |    8.792(R)|clk_BUFGP         |   0.000|
out<6>      |    9.558(R)|clk_BUFGP         |   0.000|
out<7>      |    9.161(R)|clk_BUFGP         |   0.000|
------------+------------+------------------+--------+

Clock to Setup on destination clock clk
---------------+---------+---------+---------+---------+
               | Src:Rise| Src:Fall| Src:Rise| Src:Fall|
Source Clock   |Dest:Rise|Dest:Rise|Dest:Fall|Dest:Fall|
---------------+---------+---------+---------+---------+
clk            |    8.271|         |         |         |
---------------+---------+---------+---------+---------+


Analysis completed Tue Nov 21 15:18:30 2017 
--------------------------------------------------------------------------------

Trace Settings:
-------------------------
Trace Settings 

Peak Memory Usage: 106 MB



